<?xml version="1.0" encoding="UTF-8"?>
<testsuite xmlns:xsi="http://www.w3.org/2001/XMLSchema-instance" xsi:noNamespaceSchemaLocation="https://maven.apache.org/surefire/maven-surefire-plugin/xsd/surefire-test-report-3.0.xsd" version="3.0" name="com.instagram.post.service.PostServiceTest" time="2.478" tests="17" errors="1" skipped="0" failures="0">
  <properties>
[...]
</properties>
  <testcase name="getPostsByUser_returnsList" classname="com.instagram.post.service.PostServiceTest" time="2.203">
    <error message="&#10;Unnecessary stubbings detected.&#10;Clean &amp; maintainable test code requires zero unnecessary code.&#10;Following stubbings are unnecessary (click to navigate to relevant line of code):&#10;  1. -&gt; at com.instagram.post.service.PostServiceTest.getPostsByUser_returnsList(PostServiceTest.java:122)&#10;Please remove unnecessary stubbings or use &apos;lenient&apos; strictness. More info: javadoc for UnnecessaryStubbingException class." type="org.mockito.exceptions.misusing.UnnecessaryStubbingException"><![CDATA[org.mockito.exceptions.misusing.UnnecessaryStubbingException: 

Unnecessary stubbings detected.
Clean & maintainable test code requires zero unnecessary code.
Following stubbings are unnecessary (click to navigate to relevant line of code):
  1. -> at com.instagram.post.service.PostServiceTest.getPostsByUser_returnsList(PostServiceTest.java:122)
Please remove unnecessary stubbings or use 'lenient' strictness. More info: javadoc for UnnecessaryStubbingException class.
	at org.mockito.junit.jupiter.MockitoExtension.afterEach(MockitoExtension.java:192)
	at java.base/java.util.ArrayList.forEach(ArrayList.java:1596)
	at java.base/java.util.ArrayList.forEach(ArrayList.java:1596)
]]></error>
    <system-err><![CDATA[WARNING: A Java agent has been loaded dynamically (/home/rony/.m2/repository/net/bytebuddy/byte-buddy-agent/1.14.12/byte-buddy-agent-1.14.12.jar)
WARNING: If a serviceability tool is in use, please run with -XX:+EnableDynamicAgentLoading to hide this warning
WARNING: If a serviceability tool is not in use, please run with -Djdk.instrument.traceUsage for more information
WARNING: Dynamic loading of agents will be disallowed by default in a future release
]]></system-err>
  </testcase>
  <testcase name="unlikePost_notLiked" classname="com.instagram.post.service.PostServiceTest" time="0.017"/>
  <testcase name="getAllPosts_returnsList" classname="com.instagram.post.service.PostServiceTest" time="0.013"/>
  <testcase name="likePost_success" classname="com.instagram.post.service.PostServiceTest" time="0.017"/>
  <testcase name="getFeed_emptyUsernames" classname="com.instagram.post.service.PostServiceTest" time="0.017"/>
  <testcase name="sendNotification_nullRecipientSkipped" classname="com.instagram.post.service.PostServiceTest" time="0.036"/>
  <testcase name="sendNotification_callsRestTemplate" classname="com.instagram.post.service.PostServiceTest" time="0.008"/>
  <testcase name="sendNotification_exceptionSwallowed" classname="com.instagram.post.service.PostServiceTest" time="0.016">
    <system-err><![CDATA[Failed to send notification: network error
]]></system-err>
  </testcase>
  <testcase name="findById_notFound" classname="com.instagram.post.service.PostServiceTest" time="0.006"/>
  <testcase name="likePost_alreadyLiked" classname="com.instagram.post.service.PostServiceTest" time="0.006"/>
  <testcase name="savePost_returnsResponse" classname="com.instagram.post.service.PostServiceTest" time="0.009"/>
  <testcase name="sendNotification_selfSkipped" classname="com.instagram.post.service.PostServiceTest" time="0.005"/>
  <testcase name="unlikePost_success" classname="com.instagram.post.service.PostServiceTest" time="0.005"/>
  <testcase name="getComments_returnsList" classname="com.instagram.post.service.PostServiceTest" time="0.004"/>
  <testcase name="getFeed_aggregatesAndSorts" classname="com.instagram.post.service.PostServiceTest" time="0.006"/>
  <testcase name="findById_found" classname="com.instagram.post.service.PostServiceTest" time="0.004"/>
  <testcase name="addComment_success" classname="com.instagram.post.service.PostServiceTest" time="0.004"/>
</testsuite>